[2019-03-19 13:37:04] production.ERROR: Symfony\Component\Console\Exception\CommandNotFoundException: Command "serve" is not defined. in /Users/mahranomairy/Desktop/Lectures/Advanced Technologies for Web Apps/Project/budget-planner/vendor/symfony/console/Application.php:639
Stack trace:
#0 /Users/mahranomairy/Desktop/Lectures/Advanced Technologies for Web Apps/Project/budget-planner/vendor/symfony/console/Application.php(233): Symfony\Component\Console\Application->find('serve')
#1 /Users/mahranomairy/Desktop/Lectures/Advanced Technologies for Web Apps/Project/budget-planner/vendor/symfony/console/Application.php(145): Symfony\Component\Console\Application->doRun(Object(Symfony\Component\Console\Input\ArgvInput), Object(Symfony\Component\Console\Output\ConsoleOutput))
#2 /Users/mahranomairy/Desktop/Lectures/Advanced Technologies for Web Apps/Project/budget-planner/vendor/illuminate/console/Application.php(90): Symfony\Component\Console\Application->run(Object(Symfony\Component\Console\Input\ArgvInput), Object(Symfony\Component\Console\Output\ConsoleOutput))
#3 /Users/mahranomairy/Desktop/Lectures/Advanced Technologies for Web Apps/Project/budget-planner/vendor/laravel/lumen-framework/src/Console/Kernel.php(115): Illuminate\Console\Application->run(Object(Symfony\Component\Console\Input\ArgvInput), Object(Symfony\Component\Console\Output\ConsoleOutput))
#4 /Users/mahranomairy/Desktop/Lectures/Advanced Technologies for Web Apps/Project/budget-planner/artisan(35): Laravel\Lumen\Console\Kernel->handle(Object(Symfony\Component\Console\Input\ArgvInput), Object(Symfony\Component\Console\Output\ConsoleOutput))
#5 {main} {"exception":"[object] (Symfony\\Component\\Console\\Exception\\CommandNotFoundException(code: 0): Command \"serve\" is not defined. at /Users/mahranomairy/Desktop/Lectures/Advanced Technologies for Web Apps/Project/budget-planner/vendor/symfony/console/Application.php:639)
[stacktrace]
#0 /Users/mahranomairy/Desktop/Lectures/Advanced Technologies for Web Apps/Project/budget-planner/vendor/symfony/console/Application.php(233): Symfony\\Component\\Console\\Application->find('serve')
#1 /Users/mahranomairy/Desktop/Lectures/Advanced Technologies for Web Apps/Project/budget-planner/vendor/symfony/console/Application.php(145): Symfony\\Component\\Console\\Application->doRun(Object(Symfony\\Component\\Console\\Input\\ArgvInput), Object(Symfony\\Component\\Console\\Output\\ConsoleOutput))
#2 /Users/mahranomairy/Desktop/Lectures/Advanced Technologies for Web Apps/Project/budget-planner/vendor/illuminate/console/Application.php(90): Symfony\\Component\\Console\\Application->run(Object(Symfony\\Component\\Console\\Input\\ArgvInput), Object(Symfony\\Component\\Console\\Output\\ConsoleOutput))
#3 /Users/mahranomairy/Desktop/Lectures/Advanced Technologies for Web Apps/Project/budget-planner/vendor/laravel/lumen-framework/src/Console/Kernel.php(115): Illuminate\\Console\\Application->run(Object(Symfony\\Component\\Console\\Input\\ArgvInput), Object(Symfony\\Component\\Console\\Output\\ConsoleOutput))
#4 /Users/mahranomairy/Desktop/Lectures/Advanced Technologies for Web Apps/Project/budget-planner/artisan(35): Laravel\\Lumen\\Console\\Kernel->handle(Object(Symfony\\Component\\Console\\Input\\ArgvInput), Object(Symfony\\Component\\Console\\Output\\ConsoleOutput))
#5 {main}
"} 
[2019-03-19 13:37:29] production.ERROR: Symfony\Component\Console\Exception\CommandNotFoundException: Command "serve" is not defined. in /Users/mahranomairy/Desktop/Lectures/Advanced Technologies for Web Apps/Project/budget-planner/vendor/symfony/console/Application.php:639
Stack trace:
#0 /Users/mahranomairy/Desktop/Lectures/Advanced Technologies for Web Apps/Project/budget-planner/vendor/symfony/console/Application.php(233): Symfony\Component\Console\Application->find('serve')
#1 /Users/mahranomairy/Desktop/Lectures/Advanced Technologies for Web Apps/Project/budget-planner/vendor/symfony/console/Application.php(145): Symfony\Component\Console\Application->doRun(Object(Symfony\Component\Console\Input\ArgvInput), Object(Symfony\Component\Console\Output\ConsoleOutput))
#2 /Users/mahranomairy/Desktop/Lectures/Advanced Technologies for Web Apps/Project/budget-planner/vendor/illuminate/console/Application.php(90): Symfony\Component\Console\Application->run(Object(Symfony\Component\Console\Input\ArgvInput), Object(Symfony\Component\Console\Output\ConsoleOutput))
#3 /Users/mahranomairy/Desktop/Lectures/Advanced Technologies for Web Apps/Project/budget-planner/vendor/laravel/lumen-framework/src/Console/Kernel.php(115): Illuminate\Console\Application->run(Object(Symfony\Component\Console\Input\ArgvInput), Object(Symfony\Component\Console\Output\ConsoleOutput))
#4 /Users/mahranomairy/Desktop/Lectures/Advanced Technologies for Web Apps/Project/budget-planner/artisan(35): Laravel\Lumen\Console\Kernel->handle(Object(Symfony\Component\Console\Input\ArgvInput), Object(Symfony\Component\Console\Output\ConsoleOutput))
#5 {main} {"exception":"[object] (Symfony\\Component\\Console\\Exception\\CommandNotFoundException(code: 0): Command \"serve\" is not defined. at /Users/mahranomairy/Desktop/Lectures/Advanced Technologies for Web Apps/Project/budget-planner/vendor/symfony/console/Application.php:639)
[stacktrace]
#0 /Users/mahranomairy/Desktop/Lectures/Advanced Technologies for Web Apps/Project/budget-planner/vendor/symfony/console/Application.php(233): Symfony\\Component\\Console\\Application->find('serve')
#1 /Users/mahranomairy/Desktop/Lectures/Advanced Technologies for Web Apps/Project/budget-planner/vendor/symfony/console/Application.php(145): Symfony\\Component\\Console\\Application->doRun(Object(Symfony\\Component\\Console\\Input\\ArgvInput), Object(Symfony\\Component\\Console\\Output\\ConsoleOutput))
#2 /Users/mahranomairy/Desktop/Lectures/Advanced Technologies for Web Apps/Project/budget-planner/vendor/illuminate/console/Application.php(90): Symfony\\Component\\Console\\Application->run(Object(Symfony\\Component\\Console\\Input\\ArgvInput), Object(Symfony\\Component\\Console\\Output\\ConsoleOutput))
#3 /Users/mahranomairy/Desktop/Lectures/Advanced Technologies for Web Apps/Project/budget-planner/vendor/laravel/lumen-framework/src/Console/Kernel.php(115): Illuminate\\Console\\Application->run(Object(Symfony\\Component\\Console\\Input\\ArgvInput), Object(Symfony\\Component\\Console\\Output\\ConsoleOutput))
#4 /Users/mahranomairy/Desktop/Lectures/Advanced Technologies for Web Apps/Project/budget-planner/artisan(35): Laravel\\Lumen\\Console\\Kernel->handle(Object(Symfony\\Component\\Console\\Input\\ArgvInput), Object(Symfony\\Component\\Console\\Output\\ConsoleOutput))
#5 {main}
"} 
[2019-03-19 14:01:49] production.ERROR: PDOException: SQLSTATE[HY000] [2002] Connection refused in /Users/mahranomairy/Desktop/Lectures/Advanced Technologies for Web Apps/Project/budget-planner/vendor/illuminate/database/Connectors/Connector.php:70
Stack trace:
#0 /Users/mahranomairy/Desktop/Lectures/Advanced Technologies for Web Apps/Project/budget-planner/vendor/illuminate/database/Connectors/Connector.php(70): PDO->__construct('mysql:host=127....', 'forge', '', Array)
#1 /Users/mahranomairy/Desktop/Lectures/Advanced Technologies for Web Apps/Project/budget-planner/vendor/illuminate/database/Connectors/Connector.php(46): Illuminate\Database\Connectors\Connector->createPdoConnection('mysql:host=127....', 'forge', '', Array)
#2 /Users/mahranomairy/Desktop/Lectures/Advanced Technologies for Web Apps/Project/budget-planner/vendor/illuminate/database/Connectors/MySqlConnector.php(24): Illuminate\Database\Connectors\Connector->createConnection('mysql:host=127....', Array, Array)
#3 /Users/mahranomairy/Desktop/Lectures/Advanced Technologies for Web Apps/Project/budget-planner/vendor/illuminate/database/Connectors/ConnectionFactory.php(182): Illuminate\Database\Connectors\MySqlConnector->connect(Array)
#4 [internal function]: Illuminate\Database\Connectors\ConnectionFactory->Illuminate\Database\Connectors\{closure}()
#5 /Users/mahranomairy/Desktop/Lectures/Advanced Technologies for Web Apps/Project/budget-planner/vendor/illuminate/database/Connection.php(918): call_user_func(Object(Closure))
#6 /Users/mahranomairy/Desktop/Lectures/Advanced Technologies for Web Apps/Project/budget-planner/vendor/illuminate/database/Connection.php(943): Illuminate\Database\Connection->getPdo()
#7 /Users/mahranomairy/Desktop/Lectures/Advanced Technologies for Web Apps/Project/budget-planner/vendor/illuminate/database/Connection.php(399): Illuminate\Database\Connection->getReadPdo()
#8 /Users/mahranomairy/Desktop/Lectures/Advanced Technologies for Web Apps/Project/budget-planner/vendor/illuminate/database/Connection.php(325): Illuminate\Database\Connection->getPdoForSelect(true)
#9 /Users/mahranomairy/Desktop/Lectures/Advanced Technologies for Web Apps/Project/budget-planner/vendor/illuminate/database/Connection.php(657): Illuminate\Database\Connection->Illuminate\Database\{closure}('SHOW FULL TABLE...', Array)
#10 /Users/mahranomairy/Desktop/Lectures/Advanced Technologies for Web Apps/Project/budget-planner/vendor/illuminate/database/Connection.php(624): Illuminate\Database\Connection->runQueryCallback('SHOW FULL TABLE...', Array, Object(Closure))
#11 /Users/mahranomairy/Desktop/Lectures/Advanced Technologies for Web Apps/Project/budget-planner/vendor/illuminate/database/Connection.php(333): Illuminate\Database\Connection->run('SHOW FULL TABLE...', Array, Object(Closure))
#12 /Users/mahranomairy/Desktop/Lectures/Advanced Technologies for Web Apps/Project/budget-planner/vendor/illuminate/database/Schema/MySqlBuilder.php(99): Illuminate\Database\Connection->select('SHOW FULL TABLE...')
#13 /Users/mahranomairy/Desktop/Lectures/Advanced Technologies for Web Apps/Project/budget-planner/vendor/illuminate/database/Schema/MySqlBuilder.php(48): Illuminate\Database\Schema\MySqlBuilder->getAllTables()
#14 /Users/mahranomairy/Desktop/Lectures/Advanced Technologies for Web Apps/Project/budget-planner/vendor/illuminate/database/Console/Migrations/FreshCommand.php(73): Illuminate\Database\Schema\MySqlBuilder->dropAllTables()
#15 /Users/mahranomairy/Desktop/Lectures/Advanced Technologies for Web Apps/Project/budget-planner/vendor/illuminate/database/Console/Migrations/FreshCommand.php(46): Illuminate\Database\Console\Migrations\FreshCommand->dropAllTables(NULL)
#16 [internal function]: Illuminate\Database\Console\Migrations\FreshCommand->handle()
#17 /Users/mahranomairy/Desktop/Lectures/Advanced Technologies for Web Apps/Project/budget-planner/vendor/illuminate/container/BoundMethod.php(32): call_user_func_array(Array, Array)
#18 /Users/mahranomairy/Desktop/Lectures/Advanced Technologies for Web Apps/Project/budget-planner/vendor/illuminate/container/BoundMethod.php(90): Illuminate\Container\BoundMethod::Illuminate\Container\{closure}()
#19 /Users/mahranomairy/Desktop/Lectures/Advanced Technologies for Web Apps/Project/budget-planner/vendor/illuminate/container/BoundMethod.php(34): Illuminate\Container\BoundMethod::callBoundMethod(Object(Laravel\Lumen\Application), Array, Object(Closure))
#20 /Users/mahranomairy/Desktop/Lectures/Advanced Technologies for Web Apps/Project/budget-planner/vendor/illuminate/container/Container.php(580): Illuminate\Container\BoundMethod::call(Object(Laravel\Lumen\Application), Array, Array, NULL)
#21 /Users/mahranomairy/Desktop/Lectures/Advanced Technologies for Web Apps/Project/budget-planner/vendor/illuminate/console/Command.php(183): Illuminate\Container\Container->call(Array)
#22 /Users/mahranomairy/Desktop/Lectures/Advanced Technologies for Web Apps/Project/budget-planner/vendor/symfony/console/Command/Command.php(255): Illuminate\Console\Command->execute(Object(Symfony\Component\Console\Input\ArgvInput), Object(Illuminate\Console\OutputStyle))
#23 /Users/mahranomairy/Desktop/Lectures/Advanced Technologies for Web Apps/Project/budget-planner/vendor/illuminate/console/Command.php(170): Symfony\Component\Console\Command\Command->run(Object(Symfony\Component\Console\Input\ArgvInput), Object(Illuminate\Console\OutputStyle))
#24 /Users/mahranomairy/Desktop/Lectures/Advanced Technologies for Web Apps/Project/budget-planner/vendor/symfony/console/Application.php(908): Illuminate\Console\Command->run(Object(Symfony\Component\Console\Input\ArgvInput), Object(Symfony\Component\Console\Output\ConsoleOutput))
#25 /Users/mahranomairy/Desktop/Lectures/Advanced Technologies for Web Apps/Project/budget-planner/vendor/symfony/console/Application.php(269): Symfony\Component\Console\Application->doRunCommand(Object(Illuminate\Database\Console\Migrations\FreshCommand), Object(Symfony\Component\Console\Input\ArgvInput), Object(Symfony\Component\Console\Output\ConsoleOutput))
#26 /Users/mahranomairy/Desktop/Lectures/Advanced Technologies for Web Apps/Project/budget-planner/vendor/symfony/console/Application.php(145): Symfony\Component\Console\Application->doRun(Object(Symfony\Component\Console\Input\ArgvInput), Object(Symfony\Component\Console\Output\ConsoleOutput))
#27 /Users/mahranomairy/Desktop/Lectures/Advanced Technologies for Web Apps/Project/budget-planner/vendor/illuminate/console/Application.php(90): Symfony\Component\Console\Application->run(Object(Symfony\Component\Console\Input\ArgvInput), Object(Symfony\Component\Console\Output\ConsoleOutput))
#28 /Users/mahranomairy/Desktop/Lectures/Advanced Technologies for Web Apps/Project/budget-planner/vendor/laravel/lumen-framework/src/Console/Kernel.php(115): Illuminate\Console\Application->run(Object(Symfony\Component\Console\Input\ArgvInput), Object(Symfony\Component\Console\Output\ConsoleOutput))
#29 /Users/mahranomairy/Desktop/Lectures/Advanced Technologies for Web Apps/Project/budget-planner/artisan(35): Laravel\Lumen\Console\Kernel->handle(Object(Symfony\Component\Console\Input\ArgvInput), Object(Symfony\Component\Console\Output\ConsoleOutput))
#30 {main}

Next Illuminate\Database\QueryException: SQLSTATE[HY000] [2002] Connection refused (SQL: SHOW FULL TABLES WHERE table_type = 'BASE TABLE') in /Users/mahranomairy/Desktop/Lectures/Advanced Technologies for Web Apps/Project/budget-planner/vendor/illuminate/database/Connection.php:664
Stack trace:
#0 /Users/mahranomairy/Desktop/Lectures/Advanced Technologies for Web Apps/Project/budget-planner/vendor/illuminate/database/Connection.php(624): Illuminate\Database\Connection->runQueryCallback('SHOW FULL TABLE...', Array, Object(Closure))
#1 /Users/mahranomairy/Desktop/Lectures/Advanced Technologies for Web Apps/Project/budget-planner/vendor/illuminate/database/Connection.php(333): Illuminate\Database\Connection->run('SHOW FULL TABLE...', Array, Object(Closure))
#2 /Users/mahranomairy/Desktop/Lectures/Advanced Technologies for Web Apps/Project/budget-planner/vendor/illuminate/database/Schema/MySqlBuilder.php(99): Illuminate\Database\Connection->select('SHOW FULL TABLE...')
#3 /Users/mahranomairy/Desktop/Lectures/Advanced Technologies for Web Apps/Project/budget-planner/vendor/illuminate/database/Schema/MySqlBuilder.php(48): Illuminate\Database\Schema\MySqlBuilder->getAllTables()
#4 /Users/mahranomairy/Desktop/Lectures/Advanced Technologies for Web Apps/Project/budget-planner/vendor/illuminate/database/Console/Migrations/FreshCommand.php(73): Illuminate\Database\Schema\MySqlBuilder->dropAllTables()
#5 /Users/mahranomairy/Desktop/Lectures/Advanced Technologies for Web Apps/Project/budget-planner/vendor/illuminate/database/Console/Migrations/FreshCommand.php(46): Illuminate\Database\Console\Migrations\FreshCommand->dropAllTables(NULL)
#6 [internal function]: Illuminate\Database\Console\Migrations\FreshCommand->handle()
#7 /Users/mahranomairy/Desktop/Lectures/Advanced Technologies for Web Apps/Project/budget-planner/vendor/illuminate/container/BoundMethod.php(32): call_user_func_array(Array, Array)
#8 /Users/mahranomairy/Desktop/Lectures/Advanced Technologies for Web Apps/Project/budget-planner/vendor/illuminate/container/BoundMethod.php(90): Illuminate\Container\BoundMethod::Illuminate\Container\{closure}()
#9 /Users/mahranomairy/Desktop/Lectures/Advanced Technologies for Web Apps/Project/budget-planner/vendor/illuminate/container/BoundMethod.php(34): Illuminate\Container\BoundMethod::callBoundMethod(Object(Laravel\Lumen\Application), Array, Object(Closure))
#10 /Users/mahranomairy/Desktop/Lectures/Advanced Technologies for Web Apps/Project/budget-planner/vendor/illuminate/container/Container.php(580): Illuminate\Container\BoundMethod::call(Object(Laravel\Lumen\Application), Array, Array, NULL)
#11 /Users/mahranomairy/Desktop/Lectures/Advanced Technologies for Web Apps/Project/budget-planner/vendor/illuminate/console/Command.php(183): Illuminate\Container\Container->call(Array)
#12 /Users/mahranomairy/Desktop/Lectures/Advanced Technologies for Web Apps/Project/budget-planner/vendor/symfony/console/Command/Command.php(255): Illuminate\Console\Command->execute(Object(Symfony\Component\Console\Input\ArgvInput), Object(Illuminate\Console\OutputStyle))
#13 /Users/mahranomairy/Desktop/Lectures/Advanced Technologies for Web Apps/Project/budget-planner/vendor/illuminate/console/Command.php(170): Symfony\Component\Console\Command\Command->run(Object(Symfony\Component\Console\Input\ArgvInput), Object(Illuminate\Console\OutputStyle))
#14 /Users/mahranomairy/Desktop/Lectures/Advanced Technologies for Web Apps/Project/budget-planner/vendor/symfony/console/Application.php(908): Illuminate\Console\Command->run(Object(Symfony\Component\Console\Input\ArgvInput), Object(Symfony\Component\Console\Output\ConsoleOutput))
#15 /Users/mahranomairy/Desktop/Lectures/Advanced Technologies for Web Apps/Project/budget-planner/vendor/symfony/console/Application.php(269): Symfony\Component\Console\Application->doRunCommand(Object(Illuminate\Database\Console\Migrations\FreshCommand), Object(Symfony\Component\Console\Input\ArgvInput), Object(Symfony\Component\Console\Output\ConsoleOutput))
#16 /Users/mahranomairy/Desktop/Lectures/Advanced Technologies for Web Apps/Project/budget-planner/vendor/symfony/console/Application.php(145): Symfony\Component\Console\Application->doRun(Object(Symfony\Component\Console\Input\ArgvInput), Object(Symfony\Component\Console\Output\ConsoleOutput))
#17 /Users/mahranomairy/Desktop/Lectures/Advanced Technologies for Web Apps/Project/budget-planner/vendor/illuminate/console/Application.php(90): Symfony\Component\Console\Application->run(Object(Symfony\Component\Console\Input\ArgvInput), Object(Symfony\Component\Console\Output\ConsoleOutput))
#18 /Users/mahranomairy/Desktop/Lectures/Advanced Technologies for Web Apps/Project/budget-planner/vendor/laravel/lumen-framework/src/Console/Kernel.php(115): Illuminate\Console\Application->run(Object(Symfony\Component\Console\Input\ArgvInput), Object(Symfony\Component\Console\Output\ConsoleOutput))
#19 /Users/mahranomairy/Desktop/Lectures/Advanced Technologies for Web Apps/Project/budget-planner/artisan(35): Laravel\Lumen\Console\Kernel->handle(Object(Symfony\Component\Console\Input\ArgvInput), Object(Symfony\Component\Console\Output\ConsoleOutput))
#20 {main} {"exception":"[object] (Illuminate\\Database\\QueryException(code: 2002): SQLSTATE[HY000] [2002] Connection refused (SQL: SHOW FULL TABLES WHERE table_type = 'BASE TABLE') at /Users/mahranomairy/Desktop/Lectures/Advanced Technologies for Web Apps/Project/budget-planner/vendor/illuminate/database/Connection.php:664, PDOException(code: 2002): SQLSTATE[HY000] [2002] Connection refused at /Users/mahranomairy/Desktop/Lectures/Advanced Technologies for Web Apps/Project/budget-planner/vendor/illuminate/database/Connectors/Connector.php:70)
[stacktrace]
#0 /Users/mahranomairy/Desktop/Lectures/Advanced Technologies for Web Apps/Project/budget-planner/vendor/illuminate/database/Connection.php(624): Illuminate\\Database\\Connection->runQueryCallback('SHOW FULL TABLE...', Array, Object(Closure))
#1 /Users/mahranomairy/Desktop/Lectures/Advanced Technologies for Web Apps/Project/budget-planner/vendor/illuminate/database/Connection.php(333): Illuminate\\Database\\Connection->run('SHOW FULL TABLE...', Array, Object(Closure))
#2 /Users/mahranomairy/Desktop/Lectures/Advanced Technologies for Web Apps/Project/budget-planner/vendor/illuminate/database/Schema/MySqlBuilder.php(99): Illuminate\\Database\\Connection->select('SHOW FULL TABLE...')
#3 /Users/mahranomairy/Desktop/Lectures/Advanced Technologies for Web Apps/Project/budget-planner/vendor/illuminate/database/Schema/MySqlBuilder.php(48): Illuminate\\Database\\Schema\\MySqlBuilder->getAllTables()
#4 /Users/mahranomairy/Desktop/Lectures/Advanced Technologies for Web Apps/Project/budget-planner/vendor/illuminate/database/Console/Migrations/FreshCommand.php(73): Illuminate\\Database\\Schema\\MySqlBuilder->dropAllTables()
#5 /Users/mahranomairy/Desktop/Lectures/Advanced Technologies for Web Apps/Project/budget-planner/vendor/illuminate/database/Console/Migrations/FreshCommand.php(46): Illuminate\\Database\\Console\\Migrations\\FreshCommand->dropAllTables(NULL)
#6 [internal function]: Illuminate\\Database\\Console\\Migrations\\FreshCommand->handle()
#7 /Users/mahranomairy/Desktop/Lectures/Advanced Technologies for Web Apps/Project/budget-planner/vendor/illuminate/container/BoundMethod.php(32): call_user_func_array(Array, Array)
#8 /Users/mahranomairy/Desktop/Lectures/Advanced Technologies for Web Apps/Project/budget-planner/vendor/illuminate/container/BoundMethod.php(90): Illuminate\\Container\\BoundMethod::Illuminate\\Container\\{closure}()
#9 /Users/mahranomairy/Desktop/Lectures/Advanced Technologies for Web Apps/Project/budget-planner/vendor/illuminate/container/BoundMethod.php(34): Illuminate\\Container\\BoundMethod::callBoundMethod(Object(Laravel\\Lumen\\Application), Array, Object(Closure))
#10 /Users/mahranomairy/Desktop/Lectures/Advanced Technologies for Web Apps/Project/budget-planner/vendor/illuminate/container/Container.php(580): Illuminate\\Container\\BoundMethod::call(Object(Laravel\\Lumen\\Application), Array, Array, NULL)
#11 /Users/mahranomairy/Desktop/Lectures/Advanced Technologies for Web Apps/Project/budget-planner/vendor/illuminate/console/Command.php(183): Illuminate\\Container\\Container->call(Array)
#12 /Users/mahranomairy/Desktop/Lectures/Advanced Technologies for Web Apps/Project/budget-planner/vendor/symfony/console/Command/Command.php(255): Illuminate\\Console\\Command->execute(Object(Symfony\\Component\\Console\\Input\\ArgvInput), Object(Illuminate\\Console\\OutputStyle))
#13 /Users/mahranomairy/Desktop/Lectures/Advanced Technologies for Web Apps/Project/budget-planner/vendor/illuminate/console/Command.php(170): Symfony\\Component\\Console\\Command\\Command->run(Object(Symfony\\Component\\Console\\Input\\ArgvInput), Object(Illuminate\\Console\\OutputStyle))
#14 /Users/mahranomairy/Desktop/Lectures/Advanced Technologies for Web Apps/Project/budget-planner/vendor/symfony/console/Application.php(908): Illuminate\\Console\\Command->run(Object(Symfony\\Component\\Console\\Input\\ArgvInput), Object(Symfony\\Component\\Console\\Output\\ConsoleOutput))
#15 /Users/mahranomairy/Desktop/Lectures/Advanced Technologies for Web Apps/Project/budget-planner/vendor/symfony/console/Application.php(269): Symfony\\Component\\Console\\Application->doRunCommand(Object(Illuminate\\Database\\Console\\Migrations\\FreshCommand), Object(Symfony\\Component\\Console\\Input\\ArgvInput), Object(Symfony\\Component\\Console\\Output\\ConsoleOutput))
#16 /Users/mahranomairy/Desktop/Lectures/Advanced Technologies for Web Apps/Project/budget-planner/vendor/symfony/console/Application.php(145): Symfony\\Component\\Console\\Application->doRun(Object(Symfony\\Component\\Console\\Input\\ArgvInput), Object(Symfony\\Component\\Console\\Output\\ConsoleOutput))
#17 /Users/mahranomairy/Desktop/Lectures/Advanced Technologies for Web Apps/Project/budget-planner/vendor/illuminate/console/Application.php(90): Symfony\\Component\\Console\\Application->run(Object(Symfony\\Component\\Console\\Input\\ArgvInput), Object(Symfony\\Component\\Console\\Output\\ConsoleOutput))
#18 /Users/mahranomairy/Desktop/Lectures/Advanced Technologies for Web Apps/Project/budget-planner/vendor/laravel/lumen-framework/src/Console/Kernel.php(115): Illuminate\\Console\\Application->run(Object(Symfony\\Component\\Console\\Input\\ArgvInput), Object(Symfony\\Component\\Console\\Output\\ConsoleOutput))
#19 /Users/mahranomairy/Desktop/Lectures/Advanced Technologies for Web Apps/Project/budget-planner/artisan(35): Laravel\\Lumen\\Console\\Kernel->handle(Object(Symfony\\Component\\Console\\Input\\ArgvInput), Object(Symfony\\Component\\Console\\Output\\ConsoleOutput))
#20 {main}
"} 
