[2019-04-22 10:43:28] local.ERROR: FastRoute\BadRouteException: Static route "/category/date" is shadowed by previously defined variable route "/category/([^/]+)" for method "GET" in C:\xampp\htdocs\budget-planner\vendor\nikic\fast-route\src\DataGenerator\RegexBasedAbstract.php:95
Stack trace:
#0 C:\xampp\htdocs\budget-planner\vendor\nikic\fast-route\src\DataGenerator\RegexBasedAbstract.php(30): FastRoute\DataGenerator\RegexBasedAbstract->addStaticRoute('GET', Array, Array)
#1 C:\xampp\htdocs\budget-planner\vendor\nikic\fast-route\src\RouteCollector.php(44): FastRoute\DataGenerator\RegexBasedAbstract->addRoute('GET', Array, Array)
#2 C:\xampp\htdocs\budget-planner\vendor\laravel\lumen-framework\src\Concerns\RoutesRequests.php(203): FastRoute\RouteCollector->addRoute('GET', '/category/date', Array)
#3 C:\xampp\htdocs\budget-planner\vendor\nikic\fast-route\src\functions.php(25): Laravel\Lumen\Application->Laravel\Lumen\Concerns\{closure}(Object(FastRoute\RouteCollector))
#4 C:\xampp\htdocs\budget-planner\vendor\laravel\lumen-framework\src\Concerns\RoutesRequests.php(205): FastRoute\simpleDispatcher(Object(Closure))
#5 C:\xampp\htdocs\budget-planner\vendor\laravel\lumen-framework\src\Concerns\RoutesRequests.php(169): Laravel\Lumen\Application->createDispatcher()
#6 [internal function]: Laravel\Lumen\Application->Laravel\Lumen\Concerns\{closure}(Object(Laravel\Lumen\Http\Request))
#7 C:\xampp\htdocs\budget-planner\vendor\laravel\lumen-framework\src\Routing\Pipeline.php(52): call_user_func(Object(Closure), Object(Laravel\Lumen\Http\Request))
#8 C:\xampp\htdocs\budget-planner\app\Http\Middleware\CorsMiddleware.php(30): Laravel\Lumen\Routing\Pipeline->Laravel\Lumen\Routing\{closure}(Object(Laravel\Lumen\Http\Request))
#9 C:\xampp\htdocs\budget-planner\vendor\illuminate\pipeline\Pipeline.php(163): App\Http\Middleware\CorsMiddleware->handle(Object(Laravel\Lumen\Http\Request), Object(Closure))
#10 [internal function]: Illuminate\Pipeline\Pipeline->Illuminate\Pipeline\{closure}(Object(Laravel\Lumen\Http\Request))
#11 C:\xampp\htdocs\budget-planner\vendor\laravel\lumen-framework\src\Routing\Pipeline.php(32): call_user_func(Object(Closure), Object(Laravel\Lumen\Http\Request))
#12 C:\xampp\htdocs\budget-planner\vendor\illuminate\pipeline\Pipeline.php(104): Laravel\Lumen\Routing\Pipeline->Laravel\Lumen\Routing\{closure}(Object(Laravel\Lumen\Http\Request))
#13 C:\xampp\htdocs\budget-planner\vendor\laravel\lumen-framework\src\Concerns\RoutesRequests.php(413): Illuminate\Pipeline\Pipeline->then(Object(Closure))
#14 C:\xampp\htdocs\budget-planner\vendor\laravel\lumen-framework\src\Concerns\RoutesRequests.php(171): Laravel\Lumen\Application->sendThroughPipeline(Array, Object(Closure))
#15 C:\xampp\htdocs\budget-planner\vendor\laravel\lumen-framework\src\Concerns\RoutesRequests.php(108): Laravel\Lumen\Application->dispatch(NULL)
#16 C:\xampp\htdocs\budget-planner\public\index.php(28): Laravel\Lumen\Application->run()
#17 {main} {"exception":"[object] (FastRoute\\BadRouteException(code: 0): Static route \"/category/date\" is shadowed by previously defined variable route \"/category/([^/]+)\" for method \"GET\" at C:\\xampp\\htdocs\\budget-planner\\vendor\
ikic\\fast-route\\src\\DataGenerator\\RegexBasedAbstract.php:95)
[stacktrace]
#0 C:\\xampp\\htdocs\\budget-planner\\vendor\
ikic\\fast-route\\src\\DataGenerator\\RegexBasedAbstract.php(30): FastRoute\\DataGenerator\\RegexBasedAbstract->addStaticRoute('GET', Array, Array)
#1 C:\\xampp\\htdocs\\budget-planner\\vendor\
ikic\\fast-route\\src\\RouteCollector.php(44): FastRoute\\DataGenerator\\RegexBasedAbstract->addRoute('GET', Array, Array)
#2 C:\\xampp\\htdocs\\budget-planner\\vendor\\laravel\\lumen-framework\\src\\Concerns\\RoutesRequests.php(203): FastRoute\\RouteCollector->addRoute('GET', '/category/date', Array)
#3 C:\\xampp\\htdocs\\budget-planner\\vendor\
ikic\\fast-route\\src\\functions.php(25): Laravel\\Lumen\\Application->Laravel\\Lumen\\Concerns\\{closure}(Object(FastRoute\\RouteCollector))
#4 C:\\xampp\\htdocs\\budget-planner\\vendor\\laravel\\lumen-framework\\src\\Concerns\\RoutesRequests.php(205): FastRoute\\simpleDispatcher(Object(Closure))
#5 C:\\xampp\\htdocs\\budget-planner\\vendor\\laravel\\lumen-framework\\src\\Concerns\\RoutesRequests.php(169): Laravel\\Lumen\\Application->createDispatcher()
#6 [internal function]: Laravel\\Lumen\\Application->Laravel\\Lumen\\Concerns\\{closure}(Object(Laravel\\Lumen\\Http\\Request))
#7 C:\\xampp\\htdocs\\budget-planner\\vendor\\laravel\\lumen-framework\\src\\Routing\\Pipeline.php(52): call_user_func(Object(Closure), Object(Laravel\\Lumen\\Http\\Request))
#8 C:\\xampp\\htdocs\\budget-planner\\app\\Http\\Middleware\\CorsMiddleware.php(30): Laravel\\Lumen\\Routing\\Pipeline->Laravel\\Lumen\\Routing\\{closure}(Object(Laravel\\Lumen\\Http\\Request))
#9 C:\\xampp\\htdocs\\budget-planner\\vendor\\illuminate\\pipeline\\Pipeline.php(163): App\\Http\\Middleware\\CorsMiddleware->handle(Object(Laravel\\Lumen\\Http\\Request), Object(Closure))
#10 [internal function]: Illuminate\\Pipeline\\Pipeline->Illuminate\\Pipeline\\{closure}(Object(Laravel\\Lumen\\Http\\Request))
#11 C:\\xampp\\htdocs\\budget-planner\\vendor\\laravel\\lumen-framework\\src\\Routing\\Pipeline.php(32): call_user_func(Object(Closure), Object(Laravel\\Lumen\\Http\\Request))
#12 C:\\xampp\\htdocs\\budget-planner\\vendor\\illuminate\\pipeline\\Pipeline.php(104): Laravel\\Lumen\\Routing\\Pipeline->Laravel\\Lumen\\Routing\\{closure}(Object(Laravel\\Lumen\\Http\\Request))
#13 C:\\xampp\\htdocs\\budget-planner\\vendor\\laravel\\lumen-framework\\src\\Concerns\\RoutesRequests.php(413): Illuminate\\Pipeline\\Pipeline->then(Object(Closure))
#14 C:\\xampp\\htdocs\\budget-planner\\vendor\\laravel\\lumen-framework\\src\\Concerns\\RoutesRequests.php(171): Laravel\\Lumen\\Application->sendThroughPipeline(Array, Object(Closure))
#15 C:\\xampp\\htdocs\\budget-planner\\vendor\\laravel\\lumen-framework\\src\\Concerns\\RoutesRequests.php(108): Laravel\\Lumen\\Application->dispatch(NULL)
#16 C:\\xampp\\htdocs\\budget-planner\\public\\index.php(28): Laravel\\Lumen\\Application->run()
#17 {main}
"} 
[2019-04-22 10:45:50] local.ERROR: BadMethodCallException: Method Laravel\Lumen\Http\Request::rout does not exist. in C:\xampp\htdocs\budget-planner\vendor\illuminate\support\Traits\Macroable.php:102
Stack trace:
#0 C:\xampp\htdocs\budget-planner\app\Http\Controllers\CategoryController.php(30): Illuminate\Http\Request->__call('rout', Array)
#1 [internal function]: App\Http\Controllers\CategoryController->show(Object(Laravel\Lumen\Http\Request), '4')
#2 C:\xampp\htdocs\budget-planner\vendor\illuminate\container\BoundMethod.php(32): call_user_func_array(Array, Array)
#3 C:\xampp\htdocs\budget-planner\vendor\illuminate\container\BoundMethod.php(90): Illuminate\Container\BoundMethod::Illuminate\Container\{closure}()
#4 C:\xampp\htdocs\budget-planner\vendor\illuminate\container\BoundMethod.php(34): Illuminate\Container\BoundMethod::callBoundMethod(Object(Laravel\Lumen\Application), Array, Object(Closure))
#5 C:\xampp\htdocs\budget-planner\vendor\illuminate\container\Container.php(580): Illuminate\Container\BoundMethod::call(Object(Laravel\Lumen\Application), Array, Array, NULL)
#6 C:\xampp\htdocs\budget-planner\vendor\laravel\lumen-framework\src\Concerns\RoutesRequests.php(376): Illuminate\Container\Container->call(Array, Array)
#7 C:\xampp\htdocs\budget-planner\vendor\laravel\lumen-framework\src\Concerns\RoutesRequests.php(342): Laravel\Lumen\Application->callControllerCallable(Array, Array)
#8 C:\xampp\htdocs\budget-planner\vendor\laravel\lumen-framework\src\Concerns\RoutesRequests.php(316): Laravel\Lumen\Application->callLumenController(Object(App\Http\Controllers\CategoryController), 'show', Array)
#9 C:\xampp\htdocs\budget-planner\vendor\laravel\lumen-framework\src\Concerns\RoutesRequests.php(278): Laravel\Lumen\Application->callControllerAction(Array)
#10 C:\xampp\htdocs\budget-planner\vendor\laravel\lumen-framework\src\Concerns\RoutesRequests.php(258): Laravel\Lumen\Application->callActionOnArrayBasedRoute(Array)
#11 [internal function]: Laravel\Lumen\Application->Laravel\Lumen\Concerns\{closure}(Object(Laravel\Lumen\Http\Request))
#12 C:\xampp\htdocs\budget-planner\vendor\laravel\lumen-framework\src\Routing\Pipeline.php(52): call_user_func(Object(Closure), Object(Laravel\Lumen\Http\Request))
#13 C:\xampp\htdocs\budget-planner\app\Http\Middleware\JwtMiddleware.php(30): Laravel\Lumen\Routing\Pipeline->Laravel\Lumen\Routing\{closure}(Object(Laravel\Lumen\Http\Request))
#14 C:\xampp\htdocs\budget-planner\vendor\illuminate\pipeline\Pipeline.php(163): App\Http\Middleware\JwtMiddleware->handle(Object(Laravel\Lumen\Http\Request), Object(Closure))
#15 [internal function]: Illuminate\Pipeline\Pipeline->Illuminate\Pipeline\{closure}(Object(Laravel\Lumen\Http\Request))
#16 C:\xampp\htdocs\budget-planner\vendor\laravel\lumen-framework\src\Routing\Pipeline.php(32): call_user_func(Object(Closure), Object(Laravel\Lumen\Http\Request))
#17 C:\xampp\htdocs\budget-planner\vendor\illuminate\pipeline\Pipeline.php(104): Laravel\Lumen\Routing\Pipeline->Laravel\Lumen\Routing\{closure}(Object(Laravel\Lumen\Http\Request))
#18 C:\xampp\htdocs\budget-planner\vendor\laravel\lumen-framework\src\Concerns\RoutesRequests.php(413): Illuminate\Pipeline\Pipeline->then(Object(Closure))
#19 C:\xampp\htdocs\budget-planner\vendor\laravel\lumen-framework\src\Concerns\RoutesRequests.php(259): Laravel\Lumen\Application->sendThroughPipeline(Array, Object(Closure))
#20 C:\xampp\htdocs\budget-planner\vendor\laravel\lumen-framework\src\Concerns\RoutesRequests.php(233): Laravel\Lumen\Application->handleFoundRoute(Array)
#21 C:\xampp\htdocs\budget-planner\vendor\laravel\lumen-framework\src\Concerns\RoutesRequests.php(169): Laravel\Lumen\Application->handleDispatcherResponse(Array)
#22 [internal function]: Laravel\Lumen\Application->Laravel\Lumen\Concerns\{closure}(Object(Laravel\Lumen\Http\Request))
#23 C:\xampp\htdocs\budget-planner\vendor\laravel\lumen-framework\src\Routing\Pipeline.php(52): call_user_func(Object(Closure), Object(Laravel\Lumen\Http\Request))
#24 C:\xampp\htdocs\budget-planner\app\Http\Middleware\CorsMiddleware.php(30): Laravel\Lumen\Routing\Pipeline->Laravel\Lumen\Routing\{closure}(Object(Laravel\Lumen\Http\Request))
#25 C:\xampp\htdocs\budget-planner\vendor\illuminate\pipeline\Pipeline.php(163): App\Http\Middleware\CorsMiddleware->handle(Object(Laravel\Lumen\Http\Request), Object(Closure))
#26 [internal function]: Illuminate\Pipeline\Pipeline->Illuminate\Pipeline\{closure}(Object(Laravel\Lumen\Http\Request))
#27 C:\xampp\htdocs\budget-planner\vendor\laravel\lumen-framework\src\Routing\Pipeline.php(32): call_user_func(Object(Closure), Object(Laravel\Lumen\Http\Request))
#28 C:\xampp\htdocs\budget-planner\vendor\illuminate\pipeline\Pipeline.php(104): Laravel\Lumen\Routing\Pipeline->Laravel\Lumen\Routing\{closure}(Object(Laravel\Lumen\Http\Request))
#29 C:\xampp\htdocs\budget-planner\vendor\laravel\lumen-framework\src\Concerns\RoutesRequests.php(413): Illuminate\Pipeline\Pipeline->then(Object(Closure))
#30 C:\xampp\htdocs\budget-planner\vendor\laravel\lumen-framework\src\Concerns\RoutesRequests.php(171): Laravel\Lumen\Application->sendThroughPipeline(Array, Object(Closure))
#31 C:\xampp\htdocs\budget-planner\vendor\laravel\lumen-framework\src\Concerns\RoutesRequests.php(108): Laravel\Lumen\Application->dispatch(NULL)
#32 C:\xampp\htdocs\budget-planner\public\index.php(28): Laravel\Lumen\Application->run()
#33 {main} {"exception":"[object] (BadMethodCallException(code: 0): Method Laravel\\Lumen\\Http\\Request::rout does not exist. at C:\\xampp\\htdocs\\budget-planner\\vendor\\illuminate\\support\\Traits\\Macroable.php:102)
[stacktrace]
#0 C:\\xampp\\htdocs\\budget-planner\\app\\Http\\Controllers\\CategoryController.php(30): Illuminate\\Http\\Request->__call('rout', Array)
#1 [internal function]: App\\Http\\Controllers\\CategoryController->show(Object(Laravel\\Lumen\\Http\\Request), '4')
#2 C:\\xampp\\htdocs\\budget-planner\\vendor\\illuminate\\container\\BoundMethod.php(32): call_user_func_array(Array, Array)
#3 C:\\xampp\\htdocs\\budget-planner\\vendor\\illuminate\\container\\BoundMethod.php(90): Illuminate\\Container\\BoundMethod::Illuminate\\Container\\{closure}()
#4 C:\\xampp\\htdocs\\budget-planner\\vendor\\illuminate\\container\\BoundMethod.php(34): Illuminate\\Container\\BoundMethod::callBoundMethod(Object(Laravel\\Lumen\\Application), Array, Object(Closure))
#5 C:\\xampp\\htdocs\\budget-planner\\vendor\\illuminate\\container\\Container.php(580): Illuminate\\Container\\BoundMethod::call(Object(Laravel\\Lumen\\Application), Array, Array, NULL)
#6 C:\\xampp\\htdocs\\budget-planner\\vendor\\laravel\\lumen-framework\\src\\Concerns\\RoutesRequests.php(376): Illuminate\\Container\\Container->call(Array, Array)
#7 C:\\xampp\\htdocs\\budget-planner\\vendor\\laravel\\lumen-framework\\src\\Concerns\\RoutesRequests.php(342): Laravel\\Lumen\\Application->callControllerCallable(Array, Array)
#8 C:\\xampp\\htdocs\\budget-planner\\vendor\\laravel\\lumen-framework\\src\\Concerns\\RoutesRequests.php(316): Laravel\\Lumen\\Application->callLumenController(Object(App\\Http\\Controllers\\CategoryController), 'show', Array)
#9 C:\\xampp\\htdocs\\budget-planner\\vendor\\laravel\\lumen-framework\\src\\Concerns\\RoutesRequests.php(278): Laravel\\Lumen\\Application->callControllerAction(Array)
#10 C:\\xampp\\htdocs\\budget-planner\\vendor\\laravel\\lumen-framework\\src\\Concerns\\RoutesRequests.php(258): Laravel\\Lumen\\Application->callActionOnArrayBasedRoute(Array)
#11 [internal function]: Laravel\\Lumen\\Application->Laravel\\Lumen\\Concerns\\{closure}(Object(Laravel\\Lumen\\Http\\Request))
#12 C:\\xampp\\htdocs\\budget-planner\\vendor\\laravel\\lumen-framework\\src\\Routing\\Pipeline.php(52): call_user_func(Object(Closure), Object(Laravel\\Lumen\\Http\\Request))
#13 C:\\xampp\\htdocs\\budget-planner\\app\\Http\\Middleware\\JwtMiddleware.php(30): Laravel\\Lumen\\Routing\\Pipeline->Laravel\\Lumen\\Routing\\{closure}(Object(Laravel\\Lumen\\Http\\Request))
#14 C:\\xampp\\htdocs\\budget-planner\\vendor\\illuminate\\pipeline\\Pipeline.php(163): App\\Http\\Middleware\\JwtMiddleware->handle(Object(Laravel\\Lumen\\Http\\Request), Object(Closure))
#15 [internal function]: Illuminate\\Pipeline\\Pipeline->Illuminate\\Pipeline\\{closure}(Object(Laravel\\Lumen\\Http\\Request))
#16 C:\\xampp\\htdocs\\budget-planner\\vendor\\laravel\\lumen-framework\\src\\Routing\\Pipeline.php(32): call_user_func(Object(Closure), Object(Laravel\\Lumen\\Http\\Request))
#17 C:\\xampp\\htdocs\\budget-planner\\vendor\\illuminate\\pipeline\\Pipeline.php(104): Laravel\\Lumen\\Routing\\Pipeline->Laravel\\Lumen\\Routing\\{closure}(Object(Laravel\\Lumen\\Http\\Request))
#18 C:\\xampp\\htdocs\\budget-planner\\vendor\\laravel\\lumen-framework\\src\\Concerns\\RoutesRequests.php(413): Illuminate\\Pipeline\\Pipeline->then(Object(Closure))
#19 C:\\xampp\\htdocs\\budget-planner\\vendor\\laravel\\lumen-framework\\src\\Concerns\\RoutesRequests.php(259): Laravel\\Lumen\\Application->sendThroughPipeline(Array, Object(Closure))
#20 C:\\xampp\\htdocs\\budget-planner\\vendor\\laravel\\lumen-framework\\src\\Concerns\\RoutesRequests.php(233): Laravel\\Lumen\\Application->handleFoundRoute(Array)
#21 C:\\xampp\\htdocs\\budget-planner\\vendor\\laravel\\lumen-framework\\src\\Concerns\\RoutesRequests.php(169): Laravel\\Lumen\\Application->handleDispatcherResponse(Array)
#22 [internal function]: Laravel\\Lumen\\Application->Laravel\\Lumen\\Concerns\\{closure}(Object(Laravel\\Lumen\\Http\\Request))
#23 C:\\xampp\\htdocs\\budget-planner\\vendor\\laravel\\lumen-framework\\src\\Routing\\Pipeline.php(52): call_user_func(Object(Closure), Object(Laravel\\Lumen\\Http\\Request))
#24 C:\\xampp\\htdocs\\budget-planner\\app\\Http\\Middleware\\CorsMiddleware.php(30): Laravel\\Lumen\\Routing\\Pipeline->Laravel\\Lumen\\Routing\\{closure}(Object(Laravel\\Lumen\\Http\\Request))
#25 C:\\xampp\\htdocs\\budget-planner\\vendor\\illuminate\\pipeline\\Pipeline.php(163): App\\Http\\Middleware\\CorsMiddleware->handle(Object(Laravel\\Lumen\\Http\\Request), Object(Closure))
#26 [internal function]: Illuminate\\Pipeline\\Pipeline->Illuminate\\Pipeline\\{closure}(Object(Laravel\\Lumen\\Http\\Request))
#27 C:\\xampp\\htdocs\\budget-planner\\vendor\\laravel\\lumen-framework\\src\\Routing\\Pipeline.php(32): call_user_func(Object(Closure), Object(Laravel\\Lumen\\Http\\Request))
#28 C:\\xampp\\htdocs\\budget-planner\\vendor\\illuminate\\pipeline\\Pipeline.php(104): Laravel\\Lumen\\Routing\\Pipeline->Laravel\\Lumen\\Routing\\{closure}(Object(Laravel\\Lumen\\Http\\Request))
#29 C:\\xampp\\htdocs\\budget-planner\\vendor\\laravel\\lumen-framework\\src\\Concerns\\RoutesRequests.php(413): Illuminate\\Pipeline\\Pipeline->then(Object(Closure))
#30 C:\\xampp\\htdocs\\budget-planner\\vendor\\laravel\\lumen-framework\\src\\Concerns\\RoutesRequests.php(171): Laravel\\Lumen\\Application->sendThroughPipeline(Array, Object(Closure))
#31 C:\\xampp\\htdocs\\budget-planner\\vendor\\laravel\\lumen-framework\\src\\Concerns\\RoutesRequests.php(108): Laravel\\Lumen\\Application->dispatch(NULL)
#32 C:\\xampp\\htdocs\\budget-planner\\public\\index.php(28): Laravel\\Lumen\\Application->run()
#33 {main}
"} 
