[2019-03-24 11:48:33] local.ERROR: Symfony\Component\Debug\Exception\FatalThrowableError: Argument 1 passed to Laravel\Lumen\Routing\Router::group() must be of the type array, object given, called in C:\xampp\htdocs\budget-planner\routes\web.php on line 37 in C:\xampp\htdocs\budget-planner\vendor\laravel\lumen-framework\src\Routing\Router.php:54
Stack trace:
#0 C:\xampp\htdocs\budget-planner\routes\web.php(37): Laravel\Lumen\Routing\Router->group(Object(Closure))
#1 C:\xampp\htdocs\budget-planner\bootstrap\app.php(98): require('C:\\xampp\\htdocs...')
#2 [internal function]: {closure}(Object(Laravel\Lumen\Routing\Router))
#3 C:\xampp\htdocs\budget-planner\vendor\laravel\lumen-framework\src\Routing\Router.php(62): call_user_func(Object(Closure), Object(Laravel\Lumen\Routing\Router))
#4 C:\xampp\htdocs\budget-planner\bootstrap\app.php(99): Laravel\Lumen\Routing\Router->group(Array, Object(Closure))
#5 C:\xampp\htdocs\budget-planner\public\index.php(14): require('C:\\xampp\\htdocs...')
#6 {main} {"exception":"[object] (Symfony\\Component\\Debug\\Exception\\FatalThrowableError(code: 0): Argument 1 passed to Laravel\\Lumen\\Routing\\Router::group() must be of the type array, object given, called in C:\\xampp\\htdocs\\budget-planner\outes\\web.php on line 37 at C:\\xampp\\htdocs\\budget-planner\\vendor\\laravel\\lumen-framework\\src\\Routing\\Router.php:54)
[stacktrace]
#0 C:\\xampp\\htdocs\\budget-planner\outes\\web.php(37): Laravel\\Lumen\\Routing\\Router->group(Object(Closure))
#1 C:\\xampp\\htdocs\\budget-planner\\bootstrap\\app.php(98): require('C:\\\\xampp\\\\htdocs...')
#2 [internal function]: {closure}(Object(Laravel\\Lumen\\Routing\\Router))
#3 C:\\xampp\\htdocs\\budget-planner\\vendor\\laravel\\lumen-framework\\src\\Routing\\Router.php(62): call_user_func(Object(Closure), Object(Laravel\\Lumen\\Routing\\Router))
#4 C:\\xampp\\htdocs\\budget-planner\\bootstrap\\app.php(99): Laravel\\Lumen\\Routing\\Router->group(Array, Object(Closure))
#5 C:\\xampp\\htdocs\\budget-planner\\public\\index.php(14): require('C:\\\\xampp\\\\htdocs...')
#6 {main}
"} 
[2019-03-24 12:12:05] local.ERROR: ReflectionException: Class App\Http\Controllers\CategorEnvelopControlleryController does not exist in C:\xampp\htdocs\budget-planner\vendor\illuminate\container\Container.php:794
Stack trace:
#0 C:\xampp\htdocs\budget-planner\vendor\illuminate\container\Container.php(794): ReflectionClass->__construct('App\\Http\\Contro...')
#1 C:\xampp\htdocs\budget-planner\vendor\illuminate\container\Container.php(671): Illuminate\Container\Container->build('App\\Http\\Contro...')
#2 C:\xampp\htdocs\budget-planner\vendor\illuminate\container\Container.php(619): Illuminate\Container\Container->resolve('App\\Http\\Contro...', Array)
#3 C:\xampp\htdocs\budget-planner\vendor\laravel\lumen-framework\src\Application.php(260): Illuminate\Container\Container->make('App\\Http\\Contro...', Array)
#4 C:\xampp\htdocs\budget-planner\vendor\laravel\lumen-framework\src\Concerns\RoutesRequests.php(311): Laravel\Lumen\Application->make('App\\Http\\Contro...')
#5 C:\xampp\htdocs\budget-planner\vendor\laravel\lumen-framework\src\Concerns\RoutesRequests.php(278): Laravel\Lumen\Application->callControllerAction(Array)
#6 C:\xampp\htdocs\budget-planner\vendor\laravel\lumen-framework\src\Concerns\RoutesRequests.php(258): Laravel\Lumen\Application->callActionOnArrayBasedRoute(Array)
#7 [internal function]: Laravel\Lumen\Application->Laravel\Lumen\Concerns\{closure}(Object(Laravel\Lumen\Http\Request))
#8 C:\xampp\htdocs\budget-planner\vendor\laravel\lumen-framework\src\Routing\Pipeline.php(52): call_user_func(Object(Closure), Object(Laravel\Lumen\Http\Request))
#9 C:\xampp\htdocs\budget-planner\app\Http\Middleware\JwtMiddleware.php(30): Laravel\Lumen\Routing\Pipeline->Laravel\Lumen\Routing\{closure}(Object(Laravel\Lumen\Http\Request))
#10 C:\xampp\htdocs\budget-planner\vendor\illuminate\pipeline\Pipeline.php(163): App\Http\Middleware\JwtMiddleware->handle(Object(Laravel\Lumen\Http\Request), Object(Closure))
#11 [internal function]: Illuminate\Pipeline\Pipeline->Illuminate\Pipeline\{closure}(Object(Laravel\Lumen\Http\Request))
#12 C:\xampp\htdocs\budget-planner\vendor\laravel\lumen-framework\src\Routing\Pipeline.php(32): call_user_func(Object(Closure), Object(Laravel\Lumen\Http\Request))
#13 C:\xampp\htdocs\budget-planner\vendor\illuminate\pipeline\Pipeline.php(104): Laravel\Lumen\Routing\Pipeline->Laravel\Lumen\Routing\{closure}(Object(Laravel\Lumen\Http\Request))
#14 C:\xampp\htdocs\budget-planner\vendor\laravel\lumen-framework\src\Concerns\RoutesRequests.php(413): Illuminate\Pipeline\Pipeline->then(Object(Closure))
#15 C:\xampp\htdocs\budget-planner\vendor\laravel\lumen-framework\src\Concerns\RoutesRequests.php(259): Laravel\Lumen\Application->sendThroughPipeline(Array, Object(Closure))
#16 C:\xampp\htdocs\budget-planner\vendor\laravel\lumen-framework\src\Concerns\RoutesRequests.php(165): Laravel\Lumen\Application->handleFoundRoute(Array)
#17 C:\xampp\htdocs\budget-planner\vendor\laravel\lumen-framework\src\Concerns\RoutesRequests.php(416): Laravel\Lumen\Application->Laravel\Lumen\Concerns\{closure}(Object(Laravel\Lumen\Http\Request))
#18 C:\xampp\htdocs\budget-planner\vendor\laravel\lumen-framework\src\Concerns\RoutesRequests.php(171): Laravel\Lumen\Application->sendThroughPipeline(Array, Object(Closure))
#19 C:\xampp\htdocs\budget-planner\vendor\laravel\lumen-framework\src\Concerns\RoutesRequests.php(108): Laravel\Lumen\Application->dispatch(NULL)
#20 C:\xampp\htdocs\budget-planner\public\index.php(28): Laravel\Lumen\Application->run()
#21 {main} {"exception":"[object] (ReflectionException(code: -1): Class App\\Http\\Controllers\\CategorEnvelopControlleryController does not exist at C:\\xampp\\htdocs\\budget-planner\\vendor\\illuminate\\container\\Container.php:794)
[stacktrace]
#0 C:\\xampp\\htdocs\\budget-planner\\vendor\\illuminate\\container\\Container.php(794): ReflectionClass->__construct('App\\\\Http\\\\Contro...')
#1 C:\\xampp\\htdocs\\budget-planner\\vendor\\illuminate\\container\\Container.php(671): Illuminate\\Container\\Container->build('App\\\\Http\\\\Contro...')
#2 C:\\xampp\\htdocs\\budget-planner\\vendor\\illuminate\\container\\Container.php(619): Illuminate\\Container\\Container->resolve('App\\\\Http\\\\Contro...', Array)
#3 C:\\xampp\\htdocs\\budget-planner\\vendor\\laravel\\lumen-framework\\src\\Application.php(260): Illuminate\\Container\\Container->make('App\\\\Http\\\\Contro...', Array)
#4 C:\\xampp\\htdocs\\budget-planner\\vendor\\laravel\\lumen-framework\\src\\Concerns\\RoutesRequests.php(311): Laravel\\Lumen\\Application->make('App\\\\Http\\\\Contro...')
#5 C:\\xampp\\htdocs\\budget-planner\\vendor\\laravel\\lumen-framework\\src\\Concerns\\RoutesRequests.php(278): Laravel\\Lumen\\Application->callControllerAction(Array)
#6 C:\\xampp\\htdocs\\budget-planner\\vendor\\laravel\\lumen-framework\\src\\Concerns\\RoutesRequests.php(258): Laravel\\Lumen\\Application->callActionOnArrayBasedRoute(Array)
#7 [internal function]: Laravel\\Lumen\\Application->Laravel\\Lumen\\Concerns\\{closure}(Object(Laravel\\Lumen\\Http\\Request))
#8 C:\\xampp\\htdocs\\budget-planner\\vendor\\laravel\\lumen-framework\\src\\Routing\\Pipeline.php(52): call_user_func(Object(Closure), Object(Laravel\\Lumen\\Http\\Request))
#9 C:\\xampp\\htdocs\\budget-planner\\app\\Http\\Middleware\\JwtMiddleware.php(30): Laravel\\Lumen\\Routing\\Pipeline->Laravel\\Lumen\\Routing\\{closure}(Object(Laravel\\Lumen\\Http\\Request))
#10 C:\\xampp\\htdocs\\budget-planner\\vendor\\illuminate\\pipeline\\Pipeline.php(163): App\\Http\\Middleware\\JwtMiddleware->handle(Object(Laravel\\Lumen\\Http\\Request), Object(Closure))
#11 [internal function]: Illuminate\\Pipeline\\Pipeline->Illuminate\\Pipeline\\{closure}(Object(Laravel\\Lumen\\Http\\Request))
#12 C:\\xampp\\htdocs\\budget-planner\\vendor\\laravel\\lumen-framework\\src\\Routing\\Pipeline.php(32): call_user_func(Object(Closure), Object(Laravel\\Lumen\\Http\\Request))
#13 C:\\xampp\\htdocs\\budget-planner\\vendor\\illuminate\\pipeline\\Pipeline.php(104): Laravel\\Lumen\\Routing\\Pipeline->Laravel\\Lumen\\Routing\\{closure}(Object(Laravel\\Lumen\\Http\\Request))
#14 C:\\xampp\\htdocs\\budget-planner\\vendor\\laravel\\lumen-framework\\src\\Concerns\\RoutesRequests.php(413): Illuminate\\Pipeline\\Pipeline->then(Object(Closure))
#15 C:\\xampp\\htdocs\\budget-planner\\vendor\\laravel\\lumen-framework\\src\\Concerns\\RoutesRequests.php(259): Laravel\\Lumen\\Application->sendThroughPipeline(Array, Object(Closure))
#16 C:\\xampp\\htdocs\\budget-planner\\vendor\\laravel\\lumen-framework\\src\\Concerns\\RoutesRequests.php(165): Laravel\\Lumen\\Application->handleFoundRoute(Array)
#17 C:\\xampp\\htdocs\\budget-planner\\vendor\\laravel\\lumen-framework\\src\\Concerns\\RoutesRequests.php(416): Laravel\\Lumen\\Application->Laravel\\Lumen\\Concerns\\{closure}(Object(Laravel\\Lumen\\Http\\Request))
#18 C:\\xampp\\htdocs\\budget-planner\\vendor\\laravel\\lumen-framework\\src\\Concerns\\RoutesRequests.php(171): Laravel\\Lumen\\Application->sendThroughPipeline(Array, Object(Closure))
#19 C:\\xampp\\htdocs\\budget-planner\\vendor\\laravel\\lumen-framework\\src\\Concerns\\RoutesRequests.php(108): Laravel\\Lumen\\Application->dispatch(NULL)
#20 C:\\xampp\\htdocs\\budget-planner\\public\\index.php(28): Laravel\\Lumen\\Application->run()
#21 {main}
"} 
